<?xml version="1.0" encoding="UTF-8"?>
<!-- Generated by org.testng.reporters.JUnitReportReporter -->
<testsuite hostname="LAPTOP-SQ67K556" failures="0" tests="5" name="units.NumberTestNGTests" time="0.006" errors="0" timestamp="2024-04-05T19:45:35 CEST" skipped="0">
  <testcase classname="units.NumberTestNGTests" name="testNumberTestNGTests3" time="0.000"/>
  <testcase classname="units.NumberTestNGTests" name="testNumberTestNGTests5" time="0.000"/>
  <testcase classname="units.NumberTestNGTests" name="testNumberTestNGTests1" time="0.005"/>
  <testcase classname="units.NumberTestNGTests" name="testNumberTestNGTests4" time="0.000"/>
  <testcase classname="units.NumberTestNGTests" name="testNumberTestNGTests2" time="0.001"/>
</testsuite> <!-- units.NumberTestNGTests -->
