<?xml version="1.0" encoding="UTF-8"?>
<testsuite xmlns:xsi="http://www.w3.org/2001/XMLSchema-instance" xsi:noNamespaceSchemaLocation="https://maven.apache.org/surefire/maven-surefire-plugin/xsd/surefire-test-report.xsd" name="TestSuite" time="0.398" tests="11" errors="0" skipped="0" failures="0">
  <properties>
    <property name="java.specification.version" value="21"/>
    <property name="sun.cpu.isalist" value="amd64"/>
    <property name="sun.jnu.encoding" value="Cp1250"/>
    <property name="java.class.path" value="C:\Users\Asus Dash\Git\Alex_Bondarik_maven_at_project\target\test-classes;C:\Users\Asus Dash\Git\Alex_Bondarik_maven_at_project\target\classes;C:\Users\Asus Dash\.m2\repository\junit\junit\4.13.2\junit-4.13.2.jar;C:\Users\Asus Dash\.m2\repository\org\hamcrest\hamcrest-core\1.3\hamcrest-core-1.3.jar;C:\Users\Asus Dash\.m2\repository\ch\qos\logback\logback-classic\1.2.3\logback-classic-1.2.3.jar;C:\Users\Asus Dash\.m2\repository\ch\qos\logback\logback-core\1.2.3\logback-core-1.2.3.jar;C:\Users\Asus Dash\.m2\repository\org\slf4j\slf4j-api\1.7.25\slf4j-api-1.7.25.jar;C:\Users\Asus Dash\.m2\repository\org\testng\testng\7.9.0\testng-7.9.0.jar;C:\Users\Asus Dash\.m2\repository\com\beust\jcommander\1.82\jcommander-1.82.jar;C:\Users\Asus Dash\.m2\repository\org\webjars\jquery\3.7.1\jquery-3.7.1.jar;"/>
    <property name="java.vm.vendor" value="Oracle Corporation"/>
    <property name="sun.arch.data.model" value="64"/>
    <property name="user.variant" value=""/>
    <property name="java.vendor.url" value="https://java.oracle.com/"/>
    <property name="user.timezone" value="Europe/Warsaw"/>
    <property name="user.country.format" value="BY"/>
    <property name="os.name" value="Windows 11"/>
    <property name="java.vm.specification.version" value="21"/>
    <property name="sun.java.launcher" value="SUN_STANDARD"/>
    <property name="user.country" value="RU"/>
    <property name="sun.boot.library.path" value="D:\Programs\JDK\jdk-21.0.2\bin"/>
    <property name="sun.java.command" value="C:\Users\ASUSDA~1\AppData\Local\Temp\surefire5429708197683591421\surefirebooter11144959701658873230.jar C:\Users\Asus Dash\AppData\Local\Temp\surefire5429708197683591421 2024-04-05T19-45-34_809-jvmRun1 surefire9670878975533369248tmp surefire_010467844597831435872tmp"/>
    <property name="jdk.debug" value="release"/>
    <property name="surefire.test.class.path" value="C:\Users\Asus Dash\Git\Alex_Bondarik_maven_at_project\target\test-classes;C:\Users\Asus Dash\Git\Alex_Bondarik_maven_at_project\target\classes;C:\Users\Asus Dash\.m2\repository\junit\junit\4.13.2\junit-4.13.2.jar;C:\Users\Asus Dash\.m2\repository\org\hamcrest\hamcrest-core\1.3\hamcrest-core-1.3.jar;C:\Users\Asus Dash\.m2\repository\ch\qos\logback\logback-classic\1.2.3\logback-classic-1.2.3.jar;C:\Users\Asus Dash\.m2\repository\ch\qos\logback\logback-core\1.2.3\logback-core-1.2.3.jar;C:\Users\Asus Dash\.m2\repository\org\slf4j\slf4j-api\1.7.25\slf4j-api-1.7.25.jar;C:\Users\Asus Dash\.m2\repository\org\testng\testng\7.9.0\testng-7.9.0.jar;C:\Users\Asus Dash\.m2\repository\com\beust\jcommander\1.82\jcommander-1.82.jar;C:\Users\Asus Dash\.m2\repository\org\webjars\jquery\3.7.1\jquery-3.7.1.jar;"/>
    <property name="sun.cpu.endian" value="little"/>
    <property name="user.home" value="C:\Users\Asus Dash"/>
    <property name="user.language" value="ru"/>
    <property name="java.specification.vendor" value="Oracle Corporation"/>
    <property name="java.version.date" value="2024-01-16"/>
    <property name="java.home" value="D:\Programs\JDK\jdk-21.0.2"/>
    <property name="file.separator" value="\"/>
    <property name="basedir" value="C:\Users\Asus Dash\Git\Alex_Bondarik_maven_at_project"/>
    <property name="java.vm.compressedOopsMode" value="Zero based"/>
    <property name="line.separator" value="&#10;"/>
    <property name="java.vm.specification.vendor" value="Oracle Corporation"/>
    <property name="java.specification.name" value="Java Platform API Specification"/>
    <property name="surefire.real.class.path" value="C:\Users\ASUSDA~1\AppData\Local\Temp\surefire5429708197683591421\surefirebooter11144959701658873230.jar"/>
    <property name="user.script" value=""/>
    <property name="sun.management.compiler" value="HotSpot 64-Bit Tiered Compilers"/>
    <property name="java.runtime.version" value="21.0.2+13-58"/>
    <property name="user.name" value="Asus Dash"/>
    <property name="stdout.encoding" value="Cp1250"/>
    <property name="path.separator" value=";"/>
    <property name="os.version" value="10.0"/>
    <property name="java.runtime.name" value="OpenJDK Runtime Environment"/>
    <property name="file.encoding" value="UTF-8"/>
    <property name="java.vm.name" value="OpenJDK 64-Bit Server VM"/>
    <property name="localRepository" value="C:\Users\Asus Dash\.m2\repository"/>
    <property name="java.vendor.url.bug" value="https://bugreport.java.com/bugreport/"/>
    <property name="java.io.tmpdir" value="C:\Users\ASUSDA~1\AppData\Local\Temp\"/>
    <property name="idea.version" value="2023.3.3"/>
    <property name="java.version" value="21.0.2"/>
    <property name="user.dir" value="C:\Users\Asus Dash\Git\Alex_Bondarik_maven_at_project"/>
    <property name="os.arch" value="amd64"/>
    <property name="java.vm.specification.name" value="Java Virtual Machine Specification"/>
    <property name="sun.os.patch.level" value=""/>
    <property name="native.encoding" value="Cp1250"/>
    <property name="java.library.path" value="D:\Programs\JDK\jdk-21.0.2\bin;C:\WINDOWS\Sun\Java\bin;C:\WINDOWS\system32;C:\WINDOWS;C:\Program Files\Common Files\Oracle\Java\javapath;D:\Oculus\Support\oculus-runtime;C:\Program Files (x86)\Common Files\Intel\Shared Libraries\redist\intel64\compiler;C:\Windows\system32;C:\Windows;C:\Windows\System32\Wbem;C:\Windows\System32\WindowsPowerShell\v1.0\;C:\Windows\System32\OpenSSH\;C:\Program Files (x86)\NVIDIA Corporation\PhysX\Common;C:\Program Files\NVIDIA Corporation\NVIDIA NvDLISR;C:\Program Files\dotnet\;C:\WINDOWS\system32;C:\WINDOWS;C:\WINDOWS\System32\Wbem;C:\WINDOWS\System32\WindowsPowerShell\v1.0\;C:\WINDOWS\System32\OpenSSH\;C:\Program Files\Git\cmd;D:\ALEX\Python\Scripts\;D:\ALEX\Python\;C:\Users\Asus Dash\AppData\Local\Microsoft\WindowsApps;C:\Program Files\Java\jdk-21;C:\Program Files\Java\jdk-21\bin;C:\Users\Asus Dash;D:\Programs\JDK\jdk-21.0.2\bin;D:\Programs\Maven\apache-maven-3.9.6\bin;;."/>
    <property name="java.vm.info" value="mixed mode, sharing"/>
    <property name="stderr.encoding" value="Cp1250"/>
    <property name="java.vendor" value="Oracle Corporation"/>
    <property name="java.vm.version" value="21.0.2+13-58"/>
    <property name="sun.io.unicode.encoding" value="UnicodeLittle"/>
    <property name="java.class.version" value="65.0"/>
  </properties>
  <testcase name="testNumberTestNGTests1" classname="units.NumberTestNGTests" time="0.005"/>
  <testcase name="testNumberTestNGTests2" classname="units.NumberTestNGTests" time="0"/>
  <testcase name="testNumberTestNGTests3" classname="units.NumberTestNGTests" time="0"/>
  <testcase name="testNumberTestNGTests4" classname="units.NumberTestNGTests" time="0"/>
  <testcase name="testNumberTestNGTests5" classname="units.NumberTestNGTests" time="0.001"/>
  <testcase name="testPersonAge on testPersonAge(PersonJUnitTest)" classname="PersonJUnitTest" time="0.002"/>
  <testcase name="testNumberJUnitTests1 on testNumberJUnitTests1(units.NumberJUnitTests)" classname="units.NumberJUnitTests" time="0.001"/>
  <testcase name="testNumberJUnitTests2 on testNumberJUnitTests2(units.NumberJUnitTests)" classname="units.NumberJUnitTests" time="0"/>
  <testcase name="testNumberJUnitTests3 on testNumberJUnitTests3(units.NumberJUnitTests)" classname="units.NumberJUnitTests" time="0"/>
  <testcase name="testNumberJUnitTests4 on testNumberJUnitTests4(units.NumberJUnitTests)" classname="units.NumberJUnitTests" time="0"/>
  <testcase name="testNumberJUnitTests5 on testNumberJUnitTests5(units.NumberJUnitTests)" classname="units.NumberJUnitTests" time="0"/>
</testsuite>