<?xml version="1.0" encoding="UTF-8"?>
<!-- Generated by org.testng.reporters.JUnitReportReporter -->
<testsuite hostname="LAPTOP-SQ67K556" failures="0" tests="1" name="PersonJUnitTest" time="0.010" errors="0" timestamp="2024-04-05T19:45:35 CEST" skipped="0">
  <testcase classname="PersonJUnitTest" name="testPersonAge" time="0.010"/>
</testsuite> <!-- PersonJUnitTest -->
