<?xml version="1.0" encoding="UTF-8"?>
<!-- Generated by org.testng.reporters.JUnitReportReporter -->
<testsuite hostname="LAPTOP-SQ67K556" failures="0" tests="5" name="units.NumberJUnitTests" time="0.005" errors="0" timestamp="2024-04-05T19:45:35 CEST" skipped="0">
  <testcase classname="units.NumberJUnitTests" name="testNumberJUnitTests5" time="0.001"/>
  <testcase classname="units.NumberJUnitTests" name="testNumberJUnitTests1" time="0.001"/>
  <testcase classname="units.NumberJUnitTests" name="testNumberJUnitTests3" time="0.001"/>
  <testcase classname="units.NumberJUnitTests" name="testNumberJUnitTests4" time="0.001"/>
  <testcase classname="units.NumberJUnitTests" name="testNumberJUnitTests2" time="0.001"/>
</testsuite> <!-- units.NumberJUnitTests -->
